nohup: ignoring input
[[1;34mINFO[m] Scanning for projects...
[[1;34mINFO[m] 
[[1;34mINFO[m] [1m-----------------< [0;36mnet.javaguides:springboot-backend[0;1m >------------------[m
[[1;34mINFO[m] [1mBuilding springboot-backend 0.0.1-SNAPSHOT[m
[[1;34mINFO[m] [1m--------------------------------[ jar ]---------------------------------[m
[[1;34mINFO[m] 
[[1;34mINFO[m] [1m>>> [0;32mspring-boot-maven-plugin:3.0.4:run[m [1m(default-cli)[0;1m > [0;1mtest-compile[m @ [36mspringboot-backend[0;1m >>>[m
[[1;34mINFO[m] 
[[1;34mINFO[m] [1m--- [0;32mmaven-resources-plugin:3.3.0:resources[m [1m(default-resources)[m @ [36mspringboot-backend[0;1m ---[m
[[1;34mINFO[m] Copying 1 resource
[[1;34mINFO[m] Copying 0 resource
[[1;34mINFO[m] 
[[1;34mINFO[m] [1m--- [0;32mmaven-compiler-plugin:3.10.1:compile[m [1m(default-compile)[m @ [36mspringboot-backend[0;1m ---[m
[[1;34mINFO[m] Nothing to compile - all classes are up to date
[[1;34mINFO[m] 
[[1;34mINFO[m] [1m--- [0;32mmaven-resources-plugin:3.3.0:testResources[m [1m(default-testResources)[m @ [36mspringboot-backend[0;1m ---[m
[[1;34mINFO[m] skip non existing resourceDirectory /root/ReactJS-Spring-Boot-CRUD-Full-Stack-App/springboot-backend/src/test/resources
[[1;34mINFO[m] 
[[1;34mINFO[m] [1m--- [0;32mmaven-compiler-plugin:3.10.1:testCompile[m [1m(default-testCompile)[m @ [36mspringboot-backend[0;1m ---[m
[[1;34mINFO[m] Nothing to compile - all classes are up to date
[[1;34mINFO[m] 
[[1;34mINFO[m] [1m<<< [0;32mspring-boot-maven-plugin:3.0.4:run[m [1m(default-cli)[0;1m < [0;1mtest-compile[m @ [36mspringboot-backend[0;1m <<<[m
[[1;34mINFO[m] 
[[1;34mINFO[m] 
[[1;34mINFO[m] [1m--- [0;32mspring-boot-maven-plugin:3.0.4:run[m [1m(default-cli)[m @ [36mspringboot-backend[0;1m ---[m
[[1;34mINFO[m] Attaching agents: []

  .   ____          _            __ _ _
 /\\ / ___'_ __ _ _(_)_ __  __ _ \ \ \ \
( ( )\___ | '_ | '_| | '_ \/ _` | \ \ \ \
 \\/  ___)| |_)| | | | | || (_| |  ) ) ) )
  '  |____| .__|_| |_|_| |_\__, | / / / /
 =========|_|==============|___/=/_/_/_/
 :: Spring Boot ::                (v3.0.4)

2025-06-21T18:51:23.927Z  INFO 14936 --- [  restartedMain] n.j.s.SpringbootBackendApplication       : Starting SpringbootBackendApplication using Java 17.0.15 with PID 14936 (/root/ReactJS-Spring-Boot-CRUD-Full-Stack-App/springboot-backend/target/classes started by root in /root/ReactJS-Spring-Boot-CRUD-Full-Stack-App/springboot-backend)
2025-06-21T18:51:23.931Z  INFO 14936 --- [  restartedMain] n.j.s.SpringbootBackendApplication       : No active profile set, falling back to 1 default profile: "default"
2025-06-21T18:51:24.005Z  INFO 14936 --- [  restartedMain] .e.DevToolsPropertyDefaultsPostProcessor : Devtools property defaults active! Set 'spring.devtools.add-properties' to 'false' to disable
2025-06-21T18:51:24.005Z  INFO 14936 --- [  restartedMain] .e.DevToolsPropertyDefaultsPostProcessor : For additional web related logging consider setting the 'logging.level.web' property to 'DEBUG'
2025-06-21T18:51:24.384Z  INFO 14936 --- [  restartedMain] .s.d.r.c.RepositoryConfigurationDelegate : Bootstrapping Spring Data JPA repositories in DEFAULT mode.
2025-06-21T18:51:24.434Z  INFO 14936 --- [  restartedMain] .s.d.r.c.RepositoryConfigurationDelegate : Finished Spring Data repository scanning in 40 ms. Found 1 JPA repository interfaces.
2025-06-21T18:51:25.034Z  INFO 14936 --- [  restartedMain] o.s.b.w.embedded.tomcat.TomcatWebServer  : Tomcat initialized with port(s): 8080 (http)
2025-06-21T18:51:25.044Z  INFO 14936 --- [  restartedMain] o.apache.catalina.core.StandardService   : Starting service [Tomcat]
2025-06-21T18:51:25.045Z  INFO 14936 --- [  restartedMain] o.apache.catalina.core.StandardEngine    : Starting Servlet engine: [Apache Tomcat/10.1.5]
2025-06-21T18:51:25.094Z  INFO 14936 --- [  restartedMain] o.a.c.c.C.[Tomcat].[localhost].[/]       : Initializing Spring embedded WebApplicationContext
2025-06-21T18:51:25.096Z  INFO 14936 --- [  restartedMain] w.s.c.ServletWebServerApplicationContext : Root WebApplicationContext: initialization completed in 1089 ms
2025-06-21T18:51:25.122Z  INFO 14936 --- [  restartedMain] com.zaxxer.hikari.HikariDataSource       : HikariPool-1 - Starting...
2025-06-21T18:51:25.269Z  INFO 14936 --- [  restartedMain] com.zaxxer.hikari.pool.HikariPool        : HikariPool-1 - Added connection com.mysql.cj.jdbc.ConnectionImpl@ca1a15b
2025-06-21T18:51:25.271Z  INFO 14936 --- [  restartedMain] com.zaxxer.hikari.HikariDataSource       : HikariPool-1 - Start completed.
2025-06-21T18:51:25.280Z  INFO 14936 --- [  restartedMain] o.s.b.a.h2.H2ConsoleAutoConfiguration    : H2 console available at '/h2-console'. Database available at 'jdbc:mysql://kaushal-db.cn0us0ksu6a4.us-east-1.rds.amazonaws.com:3306/capstone_db?useSSL=false&serverTimezone=UTC'
2025-06-21T18:51:25.396Z  INFO 14936 --- [  restartedMain] o.hibernate.jpa.internal.util.LogHelper  : HHH000204: Processing PersistenceUnitInfo [name: default]
2025-06-21T18:51:25.426Z  INFO 14936 --- [  restartedMain] org.hibernate.Version                    : HHH000412: Hibernate ORM core version 6.1.7.Final
2025-06-21T18:51:25.637Z  INFO 14936 --- [  restartedMain] SQL dialect                              : HHH000400: Using dialect: org.hibernate.dialect.MySQL8Dialect
2025-06-21T18:51:25.638Z  WARN 14936 --- [  restartedMain] org.hibernate.orm.deprecation            : HHH90000026: MySQL8Dialect has been deprecated; use org.hibernate.dialect.MySQLDialect instead
2025-06-21T18:51:26.200Z  INFO 14936 --- [  restartedMain] o.h.e.t.j.p.i.JtaPlatformInitiator       : HHH000490: Using JtaPlatform implementation: [org.hibernate.engine.transaction.jta.platform.internal.NoJtaPlatform]
2025-06-21T18:51:26.207Z  INFO 14936 --- [  restartedMain] j.LocalContainerEntityManagerFactoryBean : Initialized JPA EntityManagerFactory for persistence unit 'default'
2025-06-21T18:51:26.443Z  WARN 14936 --- [  restartedMain] JpaBaseConfiguration$JpaWebConfiguration : spring.jpa.open-in-view is enabled by default. Therefore, database queries may be performed during view rendering. Explicitly configure spring.jpa.open-in-view to disable this warning
2025-06-21T18:51:26.687Z  INFO 14936 --- [  restartedMain] o.s.b.d.a.OptionalLiveReloadServer       : LiveReload server is running on port 35729
2025-06-21T18:51:26.708Z  INFO 14936 --- [  restartedMain] o.s.b.w.embedded.tomcat.TomcatWebServer  : Tomcat started on port(s): 8080 (http) with context path ''
2025-06-21T18:51:26.718Z  INFO 14936 --- [  restartedMain] n.j.s.SpringbootBackendApplication       : Started SpringbootBackendApplication in 3.135 seconds (process running for 3.469)
2025-06-21T18:57:27.318Z  INFO 14936 --- [   File Watcher] rtingClassPathChangeChangedEventListener : Restarting due to 6 class path changes (0 additions, 5 deletions, 1 modification)
2025-06-21T18:57:27.330Z  INFO 14936 --- [       Thread-5] o.apache.catalina.core.StandardService   : Stopping service [Tomcat]
2025-06-21T18:57:27.340Z  INFO 14936 --- [       Thread-5] j.LocalContainerEntityManagerFactoryBean : Closing JPA EntityManagerFactory for persistence unit 'default'
2025-06-21T18:57:27.345Z  INFO 14936 --- [       Thread-5] com.zaxxer.hikari.HikariDataSource       : HikariPool-1 - Shutdown initiated...
2025-06-21T18:57:27.359Z  INFO 14936 --- [       Thread-5] com.zaxxer.hikari.HikariDataSource       : HikariPool-1 - Shutdown completed.

  .   ____          _            __ _ _
 /\\ / ___'_ __ _ _(_)_ __  __ _ \ \ \ \
( ( )\___ | '_ | '_| | '_ \/ _` | \ \ \ \
 \\/  ___)| |_)| | | | | || (_| |  ) ) ) )
  '  |____| .__|_| |_|_| |_\__, | / / / /
 =========|_|==============|___/=/_/_/_/
 :: Spring Boot ::                (v3.0.4)

2025-06-21T18:57:27.500Z  INFO 14936 --- [  restartedMain] n.j.s.SpringbootBackendApplication       : Starting SpringbootBackendApplication using Java 17.0.15 with PID 14936 (/root/ReactJS-Spring-Boot-CRUD-Full-Stack-App/springboot-backend/target/classes started by root in /root/ReactJS-Spring-Boot-CRUD-Full-Stack-App/springboot-backend)
2025-06-21T18:57:27.502Z  INFO 14936 --- [  restartedMain] n.j.s.SpringbootBackendApplication       : No active profile set, falling back to 1 default profile: "default"
2025-06-21T18:57:27.694Z  INFO 14936 --- [  restartedMain] .s.d.r.c.RepositoryConfigurationDelegate : Bootstrapping Spring Data JPA repositories in DEFAULT mode.
2025-06-21T18:57:27.700Z  INFO 14936 --- [  restartedMain] .s.d.r.c.RepositoryConfigurationDelegate : Finished Spring Data repository scanning in 5 ms. Found 1 JPA repository interfaces.
2025-06-21T18:57:27.869Z  INFO 14936 --- [  restartedMain] o.s.b.w.embedded.tomcat.TomcatWebServer  : Tomcat initialized with port(s): 8080 (http)
2025-06-21T18:57:27.873Z  INFO 14936 --- [  restartedMain] o.apache.catalina.core.StandardService   : Starting service [Tomcat]
2025-06-21T18:57:27.874Z  INFO 14936 --- [  restartedMain] o.apache.catalina.core.StandardEngine    : Starting Servlet engine: [Apache Tomcat/10.1.5]
2025-06-21T18:57:27.886Z  INFO 14936 --- [  restartedMain] o.a.c.c.C.[Tomcat].[localhost].[/]       : Initializing Spring embedded WebApplicationContext
2025-06-21T18:57:27.886Z  INFO 14936 --- [  restartedMain] w.s.c.ServletWebServerApplicationContext : Root WebApplicationContext: initialization completed in 377 ms
2025-06-21T18:57:27.895Z  INFO 14936 --- [  restartedMain] com.zaxxer.hikari.HikariDataSource       : HikariPool-2 - Starting...
2025-06-21T18:57:27.930Z  INFO 14936 --- [  restartedMain] com.zaxxer.hikari.pool.HikariPool        : HikariPool-2 - Added connection com.mysql.cj.jdbc.ConnectionImpl@3bda16d4
2025-06-21T18:57:27.931Z  INFO 14936 --- [  restartedMain] com.zaxxer.hikari.HikariDataSource       : HikariPool-2 - Start completed.
2025-06-21T18:57:27.931Z  INFO 14936 --- [  restartedMain] o.s.b.a.h2.H2ConsoleAutoConfiguration    : H2 console available at '/h2-console'. Database available at 'jdbc:mysql://kaushal-db.cn0us0ksu6a4.us-east-1.rds.amazonaws.com:3306/capstone_db?useSSL=false&serverTimezone=UTC'
2025-06-21T18:57:27.987Z  INFO 14936 --- [  restartedMain] o.hibernate.jpa.internal.util.LogHelper  : HHH000204: Processing PersistenceUnitInfo [name: default]
2025-06-21T18:57:28.001Z  INFO 14936 --- [  restartedMain] SQL dialect                              : HHH000400: Using dialect: org.hibernate.dialect.MySQL8Dialect
2025-06-21T18:57:28.002Z  WARN 14936 --- [  restartedMain] org.hibernate.orm.deprecation            : HHH90000026: MySQL8Dialect has been deprecated; use org.hibernate.dialect.MySQLDialect instead
2025-06-21T18:57:28.068Z  INFO 14936 --- [  restartedMain] o.h.e.t.j.p.i.JtaPlatformInitiator       : HHH000490: Using JtaPlatform implementation: [org.hibernate.engine.transaction.jta.platform.internal.NoJtaPlatform]
2025-06-21T18:57:28.068Z  INFO 14936 --- [  restartedMain] j.LocalContainerEntityManagerFactoryBean : Initialized JPA EntityManagerFactory for persistence unit 'default'
2025-06-21T18:57:28.196Z  WARN 14936 --- [  restartedMain] JpaBaseConfiguration$JpaWebConfiguration : spring.jpa.open-in-view is enabled by default. Therefore, database queries may be performed during view rendering. Explicitly configure spring.jpa.open-in-view to disable this warning
2025-06-21T18:57:28.308Z  INFO 14936 --- [  restartedMain] o.s.b.d.a.OptionalLiveReloadServer       : LiveReload server is running on port 35729
2025-06-21T18:57:28.323Z  INFO 14936 --- [  restartedMain] o.s.b.w.embedded.tomcat.TomcatWebServer  : Tomcat started on port(s): 8080 (http) with context path ''
2025-06-21T18:57:28.327Z  INFO 14936 --- [  restartedMain] n.j.s.SpringbootBackendApplication       : Started SpringbootBackendApplication in 0.866 seconds (process running for 365.078)
2025-06-21T18:57:28.331Z  INFO 14936 --- [  restartedMain] .ConditionEvaluationDeltaLoggingListener : Condition evaluation unchanged
2025-06-21T18:57:29.716Z  INFO 14936 --- [   File Watcher] rtingClassPathChangeChangedEventListener : Restarting due to 5 class path changes (5 additions, 0 deletions, 0 modifications)
2025-06-21T18:57:29.723Z  INFO 14936 --- [       Thread-7] o.apache.catalina.core.StandardService   : Stopping service [Tomcat]
2025-06-21T18:57:29.728Z  INFO 14936 --- [       Thread-7] j.LocalContainerEntityManagerFactoryBean : Closing JPA EntityManagerFactory for persistence unit 'default'
2025-06-21T18:57:29.730Z  INFO 14936 --- [       Thread-7] com.zaxxer.hikari.HikariDataSource       : HikariPool-2 - Shutdown initiated...
2025-06-21T18:57:29.733Z  INFO 14936 --- [       Thread-7] com.zaxxer.hikari.HikariDataSource       : HikariPool-2 - Shutdown completed.

  .   ____          _            __ _ _
 /\\ / ___'_ __ _ _(_)_ __  __ _ \ \ \ \
( ( )\___ | '_ | '_| | '_ \/ _` | \ \ \ \
 \\/  ___)| |_)| | | | | || (_| |  ) ) ) )
  '  |____| .__|_| |_|_| |_\__, | / / / /
 =========|_|==============|___/=/_/_/_/
 :: Spring Boot ::                (v3.0.4)

2025-06-21T18:57:29.870Z  INFO 14936 --- [  restartedMain] n.j.s.SpringbootBackendApplication       : Starting SpringbootBackendApplication using Java 17.0.15 with PID 14936 (/root/ReactJS-Spring-Boot-CRUD-Full-Stack-App/springboot-backend/target/classes started by root in /root/ReactJS-Spring-Boot-CRUD-Full-Stack-App/springboot-backend)
2025-06-21T18:57:29.870Z  INFO 14936 --- [  restartedMain] n.j.s.SpringbootBackendApplication       : No active profile set, falling back to 1 default profile: "default"
2025-06-21T18:57:29.959Z  INFO 14936 --- [  restartedMain] .s.d.r.c.RepositoryConfigurationDelegate : Bootstrapping Spring Data JPA repositories in DEFAULT mode.
2025-06-21T18:57:29.966Z  INFO 14936 --- [  restartedMain] .s.d.r.c.RepositoryConfigurationDelegate : Finished Spring Data repository scanning in 6 ms. Found 1 JPA repository interfaces.
2025-06-21T18:57:30.130Z  INFO 14936 --- [  restartedMain] o.s.b.w.embedded.tomcat.TomcatWebServer  : Tomcat initialized with port(s): 8080 (http)
2025-06-21T18:57:30.131Z  INFO 14936 --- [  restartedMain] o.apache.catalina.core.StandardService   : Starting service [Tomcat]
2025-06-21T18:57:30.131Z  INFO 14936 --- [  restartedMain] o.apache.catalina.core.StandardEngine    : Starting Servlet engine: [Apache Tomcat/10.1.5]
2025-06-21T18:57:30.146Z  INFO 14936 --- [  restartedMain] o.a.c.c.C.[Tomcat].[localhost].[/]       : Initializing Spring embedded WebApplicationContext
2025-06-21T18:57:30.146Z  INFO 14936 --- [  restartedMain] w.s.c.ServletWebServerApplicationContext : Root WebApplicationContext: initialization completed in 272 ms
2025-06-21T18:57:30.162Z  INFO 14936 --- [  restartedMain] com.zaxxer.hikari.HikariDataSource       : HikariPool-3 - Starting...
2025-06-21T18:57:30.179Z  INFO 14936 --- [  restartedMain] com.zaxxer.hikari.pool.HikariPool        : HikariPool-3 - Added connection com.mysql.cj.jdbc.ConnectionImpl@393f1041
2025-06-21T18:57:30.179Z  INFO 14936 --- [  restartedMain] com.zaxxer.hikari.HikariDataSource       : HikariPool-3 - Start completed.
2025-06-21T18:57:30.180Z  INFO 14936 --- [  restartedMain] o.s.b.a.h2.H2ConsoleAutoConfiguration    : H2 console available at '/h2-console'. Database available at 'jdbc:mysql://kaushal-db.cn0us0ksu6a4.us-east-1.rds.amazonaws.com:3306/capstone_db?useSSL=false&serverTimezone=UTC'
2025-06-21T18:57:30.231Z  INFO 14936 --- [  restartedMain] o.hibernate.jpa.internal.util.LogHelper  : HHH000204: Processing PersistenceUnitInfo [name: default]
2025-06-21T18:57:30.239Z  INFO 14936 --- [  restartedMain] SQL dialect                              : HHH000400: Using dialect: org.hibernate.dialect.MySQL8Dialect
2025-06-21T18:57:30.239Z  WARN 14936 --- [  restartedMain] org.hibernate.orm.deprecation            : HHH90000026: MySQL8Dialect has been deprecated; use org.hibernate.dialect.MySQLDialect instead
2025-06-21T18:57:30.295Z  INFO 14936 --- [  restartedMain] o.h.e.t.j.p.i.JtaPlatformInitiator       : HHH000490: Using JtaPlatform implementation: [org.hibernate.engine.transaction.jta.platform.internal.NoJtaPlatform]
2025-06-21T18:57:30.295Z  INFO 14936 --- [  restartedMain] j.LocalContainerEntityManagerFactoryBean : Initialized JPA EntityManagerFactory for persistence unit 'default'
2025-06-21T18:57:30.378Z  WARN 14936 --- [  restartedMain] JpaBaseConfiguration$JpaWebConfiguration : spring.jpa.open-in-view is enabled by default. Therefore, database queries may be performed during view rendering. Explicitly configure spring.jpa.open-in-view to disable this warning
2025-06-21T18:57:30.493Z  INFO 14936 --- [  restartedMain] o.s.b.d.a.OptionalLiveReloadServer       : LiveReload server is running on port 35729
2025-06-21T18:57:30.505Z  INFO 14936 --- [  restartedMain] o.s.b.w.embedded.tomcat.TomcatWebServer  : Tomcat started on port(s): 8080 (http) with context path ''
2025-06-21T18:57:30.512Z  INFO 14936 --- [  restartedMain] n.j.s.SpringbootBackendApplication       : Started SpringbootBackendApplication in 0.671 seconds (process running for 367.263)
2025-06-21T18:57:30.513Z  INFO 14936 --- [  restartedMain] .ConditionEvaluationDeltaLoggingListener : Condition evaluation unchanged
[[1;34mINFO[m] [1m------------------------------------------------------------------------[m
[[1;34mINFO[m] [1;31mBUILD FAILURE[m
[[1;34mINFO[m] [1m------------------------------------------------------------------------[m
[[1;34mINFO[m] Total time:  06:54 min
[[1;34mINFO[m] Finished at: 2025-06-21T18:58:16Z
[[1;34mINFO[m] [1m------------------------------------------------------------------------[m
[[1;31mERROR[m] Failed to execute goal [32morg.springframework.boot:spring-boot-maven-plugin:3.0.4:run[m [1m(default-cli)[m on project [36mspringboot-backend[m: [1;31mProcess terminated with exit code: 137[m -> [1m[Help 1][m
[[1;31mERROR[m] 
[[1;31mERROR[m] To see the full stack trace of the errors, re-run Maven with the [1m-e[m switch.
[[1;31mERROR[m] Re-run Maven using the [1m-X[m switch to enable full debug logging.
[[1;31mERROR[m] 
[[1;31mERROR[m] For more information about the errors and possible solutions, please read the following articles:
[[1;31mERROR[m] [1m[Help 1][m http://cwiki.apache.org/confluence/display/MAVEN/MojoExecutionException
